Started GET "/" for 172.18.0.1 at 2022-11-05 16:11:40 +0900
Processing by Rails::WelcomeController#index as HTML
  Rendering /usr/local/bundle/gems/railties-7.0.4/lib/rails/templates/rails/welcome/index.html.erb
  Rendered /usr/local/bundle/gems/railties-7.0.4/lib/rails/templates/rails/welcome/index.html.erb (Duration: 9.1ms | Allocations: 635)
Completed 200 OK in 108ms (Views: 40.4ms | ActiveRecord: 0.0ms | Allocations: 4949)


  [1m[35m (31.0ms)[0m  [1m[35mCREATE TABLE `schema_migrations` (`version` varchar(255) NOT NULL PRIMARY KEY)[0m
  [1m[35m (10.5ms)[0m  [1m[35mCREATE TABLE `ar_internal_metadata` (`key` varchar(255) NOT NULL PRIMARY KEY, `value` varchar(255), `created_at` datetime(6) NOT NULL, `updated_at` datetime(6) NOT NULL)[0m
  [1m[35m (0.9ms)[0m  [1m[34mSELECT GET_LOCK('8304327681930009975', 0)[0m
  [1m[36mActiveRecord::SchemaMigration Pluck (2.4ms)[0m  [1m[34mSELECT `schema_migrations`.`version` FROM `schema_migrations` ORDER BY `schema_migrations`.`version` ASC[0m
Migrating to CreateRecipes (20221105071722)
  [1m[35m (10.1ms)[0m  [1m[35mCREATE TABLE `recipes` (`id` bigint NOT NULL AUTO_INCREMENT PRIMARY KEY, `title` varchar(255), `url` varchar(255), `food_image_url` varchar(255), `material` varchar(255), `cost` varchar(255), `indication` varchar(255), `created_at` datetime(6) NOT NULL, `updated_at` datetime(6) NOT NULL)[0m
  [1m[36mTRANSACTION (0.6ms)[0m  [1m[35mBEGIN[0m
  [1m[36mActiveRecord::SchemaMigration Create (3.2ms)[0m  [1m[32mINSERT INTO `schema_migrations` (`version`) VALUES ('20221105071722')[0m
  [1m[36mTRANSACTION (2.1ms)[0m  [1m[35mCOMMIT[0m
  [1m[36mActiveRecord::InternalMetadata Load (3.4ms)[0m  [1m[34mSELECT `ar_internal_metadata`.* FROM `ar_internal_metadata` WHERE `ar_internal_metadata`.`key` = 'environment' LIMIT 1[0m
  [1m[36mTRANSACTION (0.2ms)[0m  [1m[35mBEGIN[0m
  [1m[36mActiveRecord::InternalMetadata Create (1.0ms)[0m  [1m[32mINSERT INTO `ar_internal_metadata` (`key`, `value`, `created_at`, `updated_at`) VALUES ('environment', 'development', '2022-11-05 07:19:36.570960', '2022-11-05 07:19:36.570960')[0m
  [1m[36mTRANSACTION (1.6ms)[0m  [1m[35mCOMMIT[0m
  [1m[35m (0.5ms)[0m  [1m[34mSELECT RELEASE_LOCK('8304327681930009975')[0m
  [1m[36mActiveRecord::SchemaMigration Pluck (0.8ms)[0m  [1m[34mSELECT `schema_migrations`.`version` FROM `schema_migrations` ORDER BY `schema_migrations`.`version` ASC[0m
  [1m[36mActiveRecord::SchemaMigration Pluck (0.7ms)[0m  [1m[34mSELECT `schema_migrations`.`version` FROM `schema_migrations` ORDER BY `schema_migrations`.`version` ASC[0m
Started GET "/recipes" for 172.18.0.1 at 2022-11-05 16:28:50 +0900
  [1m[36mActiveRecord::SchemaMigration Pluck (0.9ms)[0m  [1m[34mSELECT `schema_migrations`.`version` FROM `schema_migrations` ORDER BY `schema_migrations`.`version` ASC[0m
  
ActionController::RoutingError (No route matches [GET] "/recipes"):
  
Started GET "/favicon.ico" for 172.18.0.1 at 2022-11-05 16:28:51 +0900
  
ActionController::RoutingError (No route matches [GET] "/favicon.ico"):
  
Started GET "/recipes" for 172.18.0.1 at 2022-11-05 16:30:28 +0900
  
ActionController::RoutingError (No route matches [GET] "/recipes"):
  
Started GET "/recipes" for 172.18.0.1 at 2022-11-05 16:30:47 +0900
  
NameError (undefined local variable or method `root_path' for #<ActionDispatch::Routing::Mapper:0x0000ffff6756b528 @set=#<ActionDispatch::Routing::RouteSet:0x0000ffff8596fc78>, @draw_paths=[#<Pathname:/app/config/routes>], @scope=#<ActionDispatch::Routing::Mapper::Scope:0x0000ffff6756b4d8 @hash={:path_names=>{:new=>"new", :edit=>"edit"}}, @parent=#<ActionDispatch::Routing::Mapper::Scope:0x0000ffff85296b68 @hash=nil, @parent=nil, @scope_level=nil>, @scope_level=nil>, @concerns={}>

  get root_path => 'recipes#index'
      ^^^^^^^^^):
  
config/routes.rb:6:in `block in <main>'
config/routes.rb:1:in `<main>'
Started GET "/recipes" for 172.18.0.1 at 2022-11-05 16:31:19 +0900
  
ActionController::RoutingError (No route matches [GET] "/recipes"):
  
Started GET "/" for 172.18.0.1 at 2022-11-05 16:31:33 +0900
Processing by RecipesController#index as HTML
Completed 204 No Content in 0ms (ActiveRecord: 0.0ms | Allocations: 146)


Started GET "/" for 172.18.0.1 at 2022-11-05 16:31:39 +0900
Processing by RecipesController#index as HTML
Completed 204 No Content in 0ms (ActiveRecord: 0.0ms | Allocations: 29)


Started GET "/recipes" for 172.18.0.1 at 2022-11-05 16:31:45 +0900
Processing by RecipesController#index as HTML
Completed 204 No Content in 0ms (ActiveRecord: 0.0ms | Allocations: 98)


Started GET "/recipes" for 172.18.0.1 at 2022-11-05 16:31:46 +0900
Processing by RecipesController#index as HTML
Completed 204 No Content in 0ms (ActiveRecord: 0.0ms | Allocations: 29)


Started GET "/recipes" for 172.18.0.1 at 2022-11-05 16:31:55 +0900
Processing by RecipesController#index as HTML
Completed 204 No Content in 0ms (ActiveRecord: 0.0ms | Allocations: 98)


Started GET "/recipes" for 172.18.0.1 at 2022-11-05 16:33:04 +0900
  [1m[36mActiveRecord::SchemaMigration Pluck (3.3ms)[0m  [1m[34mSELECT `schema_migrations`.`version` FROM `schema_migrations` ORDER BY `schema_migrations`.`version` ASC[0m
Processing by RecipesController#index as HTML
Completed 204 No Content in 18ms (ActiveRecord: 0.0ms | Allocations: 2206)


Started GET "/recipes" for 172.18.0.1 at 2022-11-05 16:33:07 +0900
Processing by RecipesController#index as HTML
Completed 204 No Content in 1ms (ActiveRecord: 0.0ms | Allocations: 45)


Started GET "/recipes" for 172.18.0.1 at 2022-11-05 16:33:08 +0900
Processing by RecipesController#index as HTML
Completed 204 No Content in 0ms (ActiveRecord: 0.0ms | Allocations: 31)


Started GET "/recipes" for 172.18.0.1 at 2022-11-05 16:33:09 +0900
Processing by RecipesController#index as HTML
Completed 204 No Content in 1ms (ActiveRecord: 0.0ms | Allocations: 31)


Started GET "/recipes" for 172.18.0.1 at 2022-11-05 16:33:10 +0900
Processing by RecipesController#index as HTML
Completed 204 No Content in 1ms (ActiveRecord: 0.0ms | Allocations: 31)


Started GET "/" for 172.18.0.1 at 2022-11-05 16:33:42 +0900
Processing by Rails::WelcomeController#index as HTML
  Rendering /usr/local/bundle/gems/railties-7.0.4/lib/rails/templates/rails/welcome/index.html.erb
  Rendered /usr/local/bundle/gems/railties-7.0.4/lib/rails/templates/rails/welcome/index.html.erb (Duration: 5.4ms | Allocations: 523)
Completed 200 OK in 70ms (Views: 27.7ms | ActiveRecord: 0.0ms | Allocations: 3553)


  [1m[35m (1.3ms)[0m  [1m[34mSELECT GET_LOCK('8304327681930009975', 0)[0m
  [1m[36mActiveRecord::SchemaMigration Pluck (3.1ms)[0m  [1m[34mSELECT `schema_migrations`.`version` FROM `schema_migrations` ORDER BY `schema_migrations`.`version` ASC[0m
Migrating to CreatePosts (20221105073432)
  [1m[35m (27.4ms)[0m  [1m[35mCREATE TABLE `posts` (`id` bigint NOT NULL AUTO_INCREMENT PRIMARY KEY, `title` varchar(255), `created_at` datetime(6) NOT NULL, `updated_at` datetime(6) NOT NULL)[0m
  [1m[36mTRANSACTION (0.5ms)[0m  [1m[35mBEGIN[0m
  [1m[36mActiveRecord::SchemaMigration Create (3.2ms)[0m  [1m[32mINSERT INTO `schema_migrations` (`version`) VALUES ('20221105073432')[0m
  [1m[36mTRANSACTION (1.4ms)[0m  [1m[35mCOMMIT[0m
  [1m[36mActiveRecord::InternalMetadata Load (4.4ms)[0m  [1m[34mSELECT `ar_internal_metadata`.* FROM `ar_internal_metadata` WHERE `ar_internal_metadata`.`key` = 'environment' LIMIT 1[0m
  [1m[35m (0.7ms)[0m  [1m[34mSELECT RELEASE_LOCK('8304327681930009975')[0m
  [1m[36mActiveRecord::SchemaMigration Pluck (0.7ms)[0m  [1m[34mSELECT `schema_migrations`.`version` FROM `schema_migrations` ORDER BY `schema_migrations`.`version` ASC[0m
  [1m[36mActiveRecord::SchemaMigration Pluck (0.6ms)[0m  [1m[34mSELECT `schema_migrations`.`version` FROM `schema_migrations` ORDER BY `schema_migrations`.`version` ASC[0m
  [1m[36mTRANSACTION (0.3ms)[0m  [1m[35mBEGIN[0m
  [1m[36mRecipe Create (2.8ms)[0m  [1m[32mINSERT INTO `recipes` (`title`, `url`, `food_image_url`, `material`, `cost`, `indication`, `created_at`, `updated_at`) VALUES ('デパ地下風かぼちゃサラダ', 'https://recipe.rakuten.co.jp/recipe/1750074197/', 'https://image.space.rakuten.co.jp/d/strg/ctrl/3/84ee56cf01c8c1a6196dcf3ee2ca62da3d5d0fd3.10.2.3.2.jpg', '[\"かぼちゃ\", \"玉ねぎ\", \"ベーコン\", \"●マヨネーズ\", \"●粒マスタード\", \"●砂糖\", \"●塩\", \"●粗挽きこしょう\"]', '300円前後', '約15分', '2022-11-05 07:36:04.068505', '2022-11-05 07:36:04.068505')[0m
  [1m[36mTRANSACTION (1.3ms)[0m  [1m[35mCOMMIT[0m
  [1m[36mTRANSACTION (0.2ms)[0m  [1m[35mBEGIN[0m
  [1m[36mRecipe Create (1.0ms)[0m  [1m[32mINSERT INTO `recipes` (`title`, `url`, `food_image_url`, `material`, `cost`, `indication`, `created_at`, `updated_at`) VALUES ('超→簡単❤キャベツのツナサラダ～', 'https://recipe.rakuten.co.jp/recipe/1540000496/', 'https://image.space.rakuten.co.jp/d/strg/ctrl/3/95e9d9a657bd6807f218da47601c62c8e8f55d1f.14.1.3.2.jpg', '[\"キャベツ\", \"きゅうり\", \"ツナ缶（今回はツナコーン缶）\", \"塩・コショウ\", \"マヨネーズ\", \"酢\"]', '300円前後', '約15分', '2022-11-05 07:36:04.077585', '2022-11-05 07:36:04.077585')[0m
  [1m[36mTRANSACTION (1.0ms)[0m  [1m[35mCOMMIT[0m
  [1m[36mTRANSACTION (0.1ms)[0m  [1m[35mBEGIN[0m
  [1m[36mPost Create (0.7ms)[0m  [1m[32mINSERT INTO `posts` (`title`, `created_at`, `updated_at`) VALUES ('Next.js + Ruby on Rails + Docker の環境構築', '2022-11-05 07:36:04.100596', '2022-11-05 07:36:04.100596')[0m
  [1m[36mTRANSACTION (0.9ms)[0m  [1m[35mCOMMIT[0m
  [1m[36mTRANSACTION (0.2ms)[0m  [1m[35mBEGIN[0m
  [1m[36mPost Create (0.5ms)[0m  [1m[32mINSERT INTO `posts` (`title`, `created_at`, `updated_at`) VALUES ('React Hooks でカスタムフックを作る', '2022-11-05 07:36:04.106192', '2022-11-05 07:36:04.106192')[0m
  [1m[36mTRANSACTION (2.2ms)[0m  [1m[35mCOMMIT[0m
  [1m[36mTRANSACTION (0.2ms)[0m  [1m[35mBEGIN[0m
  [1m[36mPost Create (0.6ms)[0m  [1m[32mINSERT INTO `posts` (`title`, `created_at`, `updated_at`) VALUES ('GraphQL と Apollo Client 入門', '2022-11-05 07:36:04.112605', '2022-11-05 07:36:04.112605')[0m
  [1m[36mTRANSACTION (1.2ms)[0m  [1m[35mCOMMIT[0m
  [1m[36mTRANSACTION (0.2ms)[0m  [1m[35mBEGIN[0m
  [1m[36mPost Create (0.6ms)[0m  [1m[32mINSERT INTO `posts` (`title`, `created_at`, `updated_at`) VALUES ('【TypeScript4.3】Template Literal Types', '2022-11-05 07:36:04.119844', '2022-11-05 07:36:04.119844')[0m
  [1m[36mTRANSACTION (0.6ms)[0m  [1m[35mCOMMIT[0m
  [1m[36mTRANSACTION (0.1ms)[0m  [1m[35mBEGIN[0m
  [1m[36mPost Create (0.4ms)[0m  [1m[32mINSERT INTO `posts` (`title`, `created_at`, `updated_at`) VALUES ('Tailwind CSS でダークモード実装', '2022-11-05 07:36:04.124017', '2022-11-05 07:36:04.124017')[0m
  [1m[36mTRANSACTION (0.9ms)[0m  [1m[35mCOMMIT[0m
Started GET "/posts" for 172.18.0.1 at 2022-11-05 16:37:02 +0900
  [1m[36mActiveRecord::SchemaMigration Pluck (0.6ms)[0m  [1m[34mSELECT `schema_migrations`.`version` FROM `schema_migrations` ORDER BY `schema_migrations`.`version` ASC[0m
Processing by PostsController#index as HTML
  [1m[36mPost Load (1.6ms)[0m  [1m[34mSELECT `posts`.* FROM `posts`[0m
  ↳ app/controllers/posts_controller.rb:8:in `index'
Completed 200 OK in 46ms (Views: 12.7ms | ActiveRecord: 4.7ms | Allocations: 8296)


Started GET "/posts" for 172.18.0.1 at 2022-11-05 21:40:29 +0900
  [1m[36mActiveRecord::SchemaMigration Pluck (3.7ms)[0m  [1m[34mSELECT `schema_migrations`.`version` FROM `schema_migrations` ORDER BY `schema_migrations`.`version` ASC[0m
Processing by PostsController#index as HTML
  [1m[36mPost Load (3.5ms)[0m  [1m[34mSELECT `posts`.* FROM `posts`[0m
  ↳ app/controllers/posts_controller.rb:8:in `index'
Completed 200 OK in 52ms (Views: 14.0ms | ActiveRecord: 10.2ms | Allocations: 8302)


Started GET "/posts" for 172.18.0.1 at 2022-11-06 10:27:05 +0900
Processing by PostsController#index as HTML
  [1m[36mPost Load (1.8ms)[0m  [1m[34mSELECT `posts`.* FROM `posts`[0m
  ↳ app/controllers/posts_controller.rb:8:in `index'
Completed 200 OK in 28ms (Views: 25.0ms | ActiveRecord: 3.3ms | Allocations: 1335)


Started GET "/posts" for 172.18.0.1 at 2022-11-06 10:50:14 +0900
Processing by PostsController#index as HTML
  [1m[36mPost Load (2.6ms)[0m  [1m[34mSELECT `posts`.* FROM `posts`[0m
  ↳ app/controllers/posts_controller.rb:8:in `index'
Completed 200 OK in 11ms (Views: 7.2ms | ActiveRecord: 2.6ms | Allocations: 1098)


Started GET "/recipes" for 172.18.0.1 at 2022-11-06 18:30:32 +0900
  [1m[36mActiveRecord::SchemaMigration Pluck (2.6ms)[0m  [1m[34mSELECT `schema_migrations`.`version` FROM `schema_migrations` ORDER BY `schema_migrations`.`version` ASC[0m
Processing by RecipesController#index as HTML
Completed 204 No Content in 17ms (ActiveRecord: 0.0ms | Allocations: 2207)


Started GET "/recipes" for 172.18.0.1 at 2022-11-06 18:31:03 +0900
Processing by RecipesController#index as HTML
Completed 204 No Content in 0ms (ActiveRecord: 0.0ms | Allocations: 102)


  [1m[36mActiveRecord::SchemaMigration Pluck (2.5ms)[0m  [1m[34mSELECT `schema_migrations`.`version` FROM `schema_migrations` ORDER BY `schema_migrations`.`version` ASC[0m
  [1m[36mTRANSACTION (0.4ms)[0m  [1m[35mBEGIN[0m
  [1m[36mRecipe Create (6.7ms)[0m  [1m[32mINSERT INTO `recipes` (`title`, `url`, `food_image_url`, `material`, `cost`, `indication`, `created_at`, `updated_at`) VALUES ('デパ地下風かぼちゃサラダ', 'https://recipe.rakuten.co.jp/recipe/1750074197/', 'https://image.space.rakuten.co.jp/d/strg/ctrl/3/84ee56cf01c8c1a6196dcf3ee2ca62da3d5d0fd3.10.2.3.2.jpg', '[\"かぼちゃ\", \"玉ねぎ\", \"ベーコン\", \"●マヨネーズ\", \"●粒マスタード\", \"●砂糖\", \"●塩\", \"●粗挽きこしょう\"]', '300円前後', '約15分', '2022-11-06 09:31:55.440659', '2022-11-06 09:31:55.440659')[0m
  [1m[36mTRANSACTION (1.8ms)[0m  [1m[35mCOMMIT[0m
  [1m[36mTRANSACTION (0.2ms)[0m  [1m[35mBEGIN[0m
  [1m[36mRecipe Create (0.7ms)[0m  [1m[32mINSERT INTO `recipes` (`title`, `url`, `food_image_url`, `material`, `cost`, `indication`, `created_at`, `updated_at`) VALUES ('超→簡単❤キャベツのツナサラダ～', 'https://recipe.rakuten.co.jp/recipe/1540000496/', 'https://image.space.rakuten.co.jp/d/strg/ctrl/3/95e9d9a657bd6807f218da47601c62c8e8f55d1f.14.1.3.2.jpg', '[\"キャベツ\", \"きゅうり\", \"ツナ缶（今回はツナコーン缶）\", \"塩・コショウ\", \"マヨネーズ\", \"酢\"]', '300円前後', '約15分', '2022-11-06 09:31:55.455365', '2022-11-06 09:31:55.455365')[0m
  [1m[36mTRANSACTION (0.7ms)[0m  [1m[35mCOMMIT[0m
  [1m[36mTRANSACTION (0.2ms)[0m  [1m[35mBEGIN[0m
  [1m[36mPost Create (0.7ms)[0m  [1m[32mINSERT INTO `posts` (`title`, `created_at`, `updated_at`) VALUES ('Next.js + Ruby on Rails + Docker の環境構築', '2022-11-06 09:31:55.474856', '2022-11-06 09:31:55.474856')[0m
  [1m[36mTRANSACTION (1.0ms)[0m  [1m[35mCOMMIT[0m
  [1m[36mTRANSACTION (0.2ms)[0m  [1m[35mBEGIN[0m
  [1m[36mPost Create (0.5ms)[0m  [1m[32mINSERT INTO `posts` (`title`, `created_at`, `updated_at`) VALUES ('React Hooks でカスタムフックを作る', '2022-11-06 09:31:55.480161', '2022-11-06 09:31:55.480161')[0m
  [1m[36mTRANSACTION (1.6ms)[0m  [1m[35mCOMMIT[0m
  [1m[36mTRANSACTION (0.1ms)[0m  [1m[35mBEGIN[0m
  [1m[36mPost Create (0.7ms)[0m  [1m[32mINSERT INTO `posts` (`title`, `created_at`, `updated_at`) VALUES ('GraphQL と Apollo Client 入門', '2022-11-06 09:31:55.485959', '2022-11-06 09:31:55.485959')[0m
  [1m[36mTRANSACTION (1.0ms)[0m  [1m[35mCOMMIT[0m
  [1m[36mTRANSACTION (0.2ms)[0m  [1m[35mBEGIN[0m
  [1m[36mPost Create (0.5ms)[0m  [1m[32mINSERT INTO `posts` (`title`, `created_at`, `updated_at`) VALUES ('【TypeScript4.3】Template Literal Types', '2022-11-06 09:31:55.490864', '2022-11-06 09:31:55.490864')[0m
  [1m[36mTRANSACTION (0.9ms)[0m  [1m[35mCOMMIT[0m
  [1m[36mTRANSACTION (0.1ms)[0m  [1m[35mBEGIN[0m
  [1m[36mPost Create (0.5ms)[0m  [1m[32mINSERT INTO `posts` (`title`, `created_at`, `updated_at`) VALUES ('Tailwind CSS でダークモード実装', '2022-11-06 09:31:55.495192', '2022-11-06 09:31:55.495192')[0m
  [1m[36mTRANSACTION (0.7ms)[0m  [1m[35mCOMMIT[0m
  [1m[36mRecipe Load (2.2ms)[0m  [1m[34mSELECT `recipes`.* FROM `recipes`[0m
  [1m[35m (1.2ms)[0m  [1m[34mSELECT GET_LOCK('8304327681930009975', 0)[0m
  [1m[36mActiveRecord::SchemaMigration Pluck (0.6ms)[0m  [1m[34mSELECT `schema_migrations`.`version` FROM `schema_migrations` ORDER BY `schema_migrations`.`version` ASC[0m
  [1m[36mActiveRecord::InternalMetadata Load (3.7ms)[0m  [1m[34mSELECT `ar_internal_metadata`.* FROM `ar_internal_metadata` WHERE `ar_internal_metadata`.`key` = 'environment' LIMIT 1[0m
  [1m[35m (0.7ms)[0m  [1m[34mSELECT RELEASE_LOCK('8304327681930009975')[0m
  [1m[36mActiveRecord::SchemaMigration Pluck (0.7ms)[0m  [1m[34mSELECT `schema_migrations`.`version` FROM `schema_migrations` ORDER BY `schema_migrations`.`version` ASC[0m
Started GET "/posts" for 172.18.0.1 at 2022-11-06 18:34:01 +0900
  [1m[36mActiveRecord::SchemaMigration Pluck (0.7ms)[0m  [1m[34mSELECT `schema_migrations`.`version` FROM `schema_migrations` ORDER BY `schema_migrations`.`version` ASC[0m
Processing by PostsController#index as HTML
  [1m[36mPost Load (1.7ms)[0m  [1m[34mSELECT `posts`.* FROM `posts`[0m
  ↳ app/controllers/posts_controller.rb:8:in `index'
Completed 200 OK in 43ms (Views: 13.7ms | ActiveRecord: 4.6ms | Allocations: 8680)


Started GET "/posts" for 172.18.0.1 at 2022-11-06 18:34:04 +0900
Processing by PostsController#index as HTML
  [1m[36mPost Load (1.6ms)[0m  [1m[34mSELECT `posts`.* FROM `posts`[0m
  ↳ app/controllers/posts_controller.rb:8:in `index'
Completed 200 OK in 8ms (Views: 6.2ms | ActiveRecord: 1.6ms | Allocations: 1573)


Started GET "/recipes" for 172.18.0.1 at 2022-11-06 18:34:18 +0900
Processing by RecipesController#index as HTML
Completed 204 No Content in 0ms (ActiveRecord: 0.0ms | Allocations: 106)


Started GET "/recipes" for 172.18.0.1 at 2022-11-06 18:34:27 +0900
Processing by RecipesController#index as HTML
  [1m[36mRecipe Load (1.8ms)[0m  [1m[34mSELECT `recipes`.* FROM `recipes`[0m
  ↳ app/controllers/recipes_controller.rb:5:in `index'
Completed 200 OK in 39ms (Views: 14.1ms | ActiveRecord: 5.2ms | Allocations: 6273)


Started GET "/posts" for 172.18.0.1 at 2022-11-06 18:39:50 +0900
Processing by PostsController#index as HTML
  [1m[36mPost Load (4.1ms)[0m  [1m[34mSELECT `posts`.* FROM `posts`[0m
  ↳ app/controllers/posts_controller.rb:8:in `index'
Completed 200 OK in 13ms (Views: 7.3ms | ActiveRecord: 4.1ms | Allocations: 1490)


Started GET "/posts" for 172.18.0.3 at 2022-11-06 18:50:25 +0900
  [1m[36mActiveRecord::SchemaMigration Pluck (2.8ms)[0m  [1m[34mSELECT `schema_migrations`.`version` FROM `schema_migrations` ORDER BY `schema_migrations`.`version` ASC[0m
Processing by PostsController#index as */*
  [1m[36mPost Load (3.8ms)[0m  [1m[34mSELECT `posts`.* FROM `posts`[0m
  ↳ app/controllers/posts_controller.rb:8:in `index'
Completed 200 OK in 52ms (Views: 13.8ms | ActiveRecord: 9.9ms | Allocations: 8682)


Started GET "/posts" for 172.18.0.3 at 2022-11-06 18:52:37 +0900
Processing by PostsController#index as */*
  [1m[36mPost Load (4.9ms)[0m  [1m[34mSELECT `posts`.* FROM `posts`[0m
  ↳ app/controllers/posts_controller.rb:8:in `index'
Completed 200 OK in 37ms (Views: 17.6ms | ActiveRecord: 4.9ms | Allocations: 1577)


Started GET "/posts" for 172.18.0.3 at 2022-11-06 19:33:32 +0900
Processing by PostsController#index as */*
  [1m[36mPost Load (2.1ms)[0m  [1m[34mSELECT `posts`.* FROM `posts`[0m
  ↳ app/controllers/posts_controller.rb:8:in `index'
Completed 200 OK in 30ms (Views: 26.2ms | ActiveRecord: 3.4ms | Allocations: 1635)


Started GET "/posts" for 172.18.0.3 at 2022-11-06 19:35:39 +0900
Processing by PostsController#index as */*
  [1m[36mPost Load (3.8ms)[0m  [1m[34mSELECT `posts`.* FROM `posts`[0m
  ↳ app/controllers/posts_controller.rb:8:in `index'
Completed 200 OK in 14ms (Views: 8.7ms | ActiveRecord: 3.8ms | Allocations: 1485)


Started GET "/posts" for 172.18.0.3 at 2022-11-06 19:36:46 +0900
Processing by PostsController#index as */*
  [1m[36mPost Load (7.5ms)[0m  [1m[34mSELECT `posts`.* FROM `posts`[0m
  ↳ app/controllers/posts_controller.rb:8:in `index'
Completed 200 OK in 23ms (Views: 14.4ms | ActiveRecord: 7.5ms | Allocations: 1485)


Started GET "/posts" for 172.18.0.3 at 2022-11-06 19:37:21 +0900
Processing by PostsController#index as */*
  [1m[36mPost Load (14.5ms)[0m  [1m[34mSELECT `posts`.* FROM `posts`[0m
  ↳ app/controllers/posts_controller.rb:8:in `index'
Completed 200 OK in 33ms (Views: 17.1ms | ActiveRecord: 14.5ms | Allocations: 1475)


Started GET "/posts" for 172.18.0.3 at 2022-11-06 19:38:56 +0900
Processing by PostsController#index as */*
  [1m[36mPost Load (15.9ms)[0m  [1m[34mSELECT `posts`.* FROM `posts`[0m
  ↳ app/controllers/posts_controller.rb:8:in `index'
Completed 200 OK in 29ms (Views: 11.8ms | ActiveRecord: 15.9ms | Allocations: 1475)


Started GET "/posts" for 172.18.0.3 at 2022-11-06 19:38:57 +0900
Processing by PostsController#index as */*
  [1m[36mPost Load (1.0ms)[0m  [1m[34mSELECT `posts`.* FROM `posts`[0m
  ↳ app/controllers/posts_controller.rb:8:in `index'
Completed 200 OK in 6ms (Views: 4.6ms | ActiveRecord: 1.0ms | Allocations: 1475)


Started GET "/posts" for 172.18.0.3 at 2022-11-06 19:39:06 +0900
Processing by PostsController#index as */*
  [1m[36mPost Load (2.1ms)[0m  [1m[34mSELECT `posts`.* FROM `posts`[0m
  ↳ app/controllers/posts_controller.rb:8:in `index'
Completed 200 OK in 9ms (Views: 6.2ms | ActiveRecord: 2.1ms | Allocations: 1476)


Started GET "/posts" for 172.18.0.3 at 2022-11-06 19:39:16 +0900
Processing by PostsController#index as */*
  [1m[36mPost Load (0.8ms)[0m  [1m[34mSELECT `posts`.* FROM `posts`[0m
  ↳ app/controllers/posts_controller.rb:8:in `index'
Completed 200 OK in 6ms (Views: 4.7ms | ActiveRecord: 0.8ms | Allocations: 1475)


Started GET "/posts" for 172.18.0.3 at 2022-11-06 19:39:17 +0900
Processing by PostsController#index as */*
  [1m[36mPost Load (1.2ms)[0m  [1m[34mSELECT `posts`.* FROM `posts`[0m
  ↳ app/controllers/posts_controller.rb:8:in `index'
Completed 200 OK in 6ms (Views: 4.7ms | ActiveRecord: 1.2ms | Allocations: 1475)


Started GET "/posts" for 172.18.0.3 at 2022-11-06 19:39:25 +0900
Processing by PostsController#index as */*
  [1m[36mPost Load (2.1ms)[0m  [1m[34mSELECT `posts`.* FROM `posts`[0m
  ↳ app/controllers/posts_controller.rb:8:in `index'
Completed 200 OK in 9ms (Views: 5.9ms | ActiveRecord: 2.1ms | Allocations: 1475)


Started GET "/posts" for 172.18.0.3 at 2022-11-06 19:46:44 +0900
Processing by PostsController#index as */*
  [1m[36mPost Load (2.7ms)[0m  [1m[34mSELECT `posts`.* FROM `posts`[0m
  ↳ app/controllers/posts_controller.rb:8:in `index'
Completed 200 OK in 20ms (Views: 18.7ms | ActiveRecord: 4.2ms | Allocations: 1586)


Started GET "/posts" for 172.18.0.3 at 2022-11-06 19:46:44 +0900
Processing by PostsController#index as */*
  [1m[36mPost Load (0.9ms)[0m  [1m[34mSELECT `posts`.* FROM `posts`[0m
  ↳ app/controllers/posts_controller.rb:8:in `index'
Completed 200 OK in 12ms (Views: 10.8ms | ActiveRecord: 0.9ms | Allocations: 1475)


Started GET "/recipes" for 172.18.0.3 at 2022-11-06 19:46:55 +0900
Processing by RecipesController#index as */*
Completed 204 No Content in 0ms (ActiveRecord: 0.0ms | Allocations: 103)


Started GET "/recipes" for 172.18.0.3 at 2022-11-06 19:46:55 +0900
Processing by RecipesController#index as */*
  [1m[36mRecipe Load (5.7ms)[0m  [1m[34mSELECT `recipes`.* FROM `recipes`[0m
  ↳ app/controllers/recipes_controller.rb:5:in `index'
Completed 200 OK in 26ms (Views: 10.3ms | ActiveRecord: 9.8ms | Allocations: 6282)


  [1m[36mRecipe Load (12.9ms)[0m  [1m[34mSELECT `recipes`.* FROM `recipes` ORDER BY `recipes`.`id` ASC LIMIT 1[0m
Started GET "/posts" for 172.18.0.3 at 2022-11-06 20:07:25 +0900
  [1m[36mActiveRecord::SchemaMigration Pluck (1.2ms)[0m  [1m[34mSELECT `schema_migrations`.`version` FROM `schema_migrations` ORDER BY `schema_migrations`.`version` ASC[0m
Processing by PostsController#index as */*
  [1m[36mPost Load (3.4ms)[0m  [1m[34mSELECT `posts`.* FROM `posts`[0m
  ↳ app/controllers/posts_controller.rb:8:in `index'
Completed 200 OK in 51ms (Views: 13.2ms | ActiveRecord: 6.6ms | Allocations: 8682)


Started GET "/posts" for 172.18.0.3 at 2022-11-06 20:07:41 +0900
Processing by PostsController#index as */*
  [1m[36mPost Load (0.9ms)[0m  [1m[34mSELECT `posts`.* FROM `posts`[0m
  ↳ app/controllers/posts_controller.rb:8:in `index'
Completed 200 OK in 5ms (Views: 3.6ms | ActiveRecord: 0.9ms | Allocations: 1577)


Started GET "/recipes" for 172.18.0.3 at 2022-11-06 20:08:28 +0900
Processing by RecipesController#index as */*
Completed 204 No Content in 1ms (ActiveRecord: 0.0ms | Allocations: 108)


Started GET "/posts" for 172.18.0.1 at 2022-11-06 20:11:16 +0900
Processing by PostsController#index as HTML
  [1m[36mPost Load (12.9ms)[0m  [1m[34mSELECT `posts`.* FROM `posts`[0m
  ↳ app/controllers/posts_controller.rb:8:in `index'
Completed 200 OK in 38ms (Views: 23.4ms | ActiveRecord: 12.9ms | Allocations: 1611)


Started GET "/favicon.ico" for 172.18.0.1 at 2022-11-06 20:11:16 +0900
  
ActionController::RoutingError (No route matches [GET] "/favicon.ico"):
  
Started GET "/recipes" for 172.18.0.1 at 2022-11-06 20:11:27 +0900
Processing by RecipesController#index as HTML
  [1m[36mRecipe Load (2.8ms)[0m  [1m[34mSELECT `recipes`.* FROM `recipes`[0m
  ↳ app/controllers/recipes_controller.rb:5:in `index'
Completed 200 OK in 43ms (Views: 16.4ms | ActiveRecord: 7.7ms | Allocations: 6300)


Started GET "/recipes" for 172.18.0.3 at 2022-11-06 20:14:16 +0900
Processing by RecipesController#index as */*
  [1m[36mRecipe Load (3.5ms)[0m  [1m[34mSELECT `recipes`.* FROM `recipes`[0m
  ↳ app/controllers/recipes_controller.rb:5:in `index'
Completed 200 OK in 13ms (Views: 8.4ms | ActiveRecord: 3.5ms | Allocations: 1265)


Started GET "/recipes" for 172.18.0.3 at 2022-11-07 09:58:11 +0900
Processing by RecipesController#index as */*
  [1m[36mRecipe Load (4.6ms)[0m  [1m[34mSELECT `recipes`.* FROM `recipes`[0m
  ↳ app/controllers/recipes_controller.rb:5:in `index'
Completed 200 OK in 40ms (Views: 38.9ms | ActiveRecord: 10.1ms | Allocations: 1399)


Started GET "/recipes" for 172.18.0.3 at 2022-11-07 10:48:29 +0900
Processing by RecipesController#index as */*
  [1m[36mRecipe Load (3.3ms)[0m  [1m[34mSELECT `recipes`.* FROM `recipes`[0m
  ↳ app/controllers/recipes_controller.rb:5:in `index'
Completed 200 OK in 26ms (Views: 24.8ms | ActiveRecord: 4.5ms | Allocations: 1368)


Started GET "/posts" for 172.18.0.3 at 2022-11-07 10:51:36 +0900
Processing by PostsController#index as */*
  [1m[36mPost Load (3.2ms)[0m  [1m[34mSELECT `posts`.* FROM `posts`[0m
  ↳ app/controllers/posts_controller.rb:8:in `index'
Completed 200 OK in 14ms (Views: 9.3ms | ActiveRecord: 3.2ms | Allocations: 1478)


Started GET "/recipes" for 172.18.0.3 at 2022-11-07 10:51:39 +0900
Processing by RecipesController#index as */*
  [1m[36mRecipe Load (1.1ms)[0m  [1m[34mSELECT `recipes`.* FROM `recipes`[0m
  ↳ app/controllers/recipes_controller.rb:5:in `index'
Completed 200 OK in 5ms (Views: 3.3ms | ActiveRecord: 1.1ms | Allocations: 1248)


Started GET "/recipes" for 172.18.0.3 at 2022-11-07 10:54:34 +0900
Processing by RecipesController#index as */*
  [1m[36mRecipe Load (1.9ms)[0m  [1m[34mSELECT `recipes`.* FROM `recipes`[0m
  ↳ app/controllers/recipes_controller.rb:5:in `index'
Completed 200 OK in 10ms (Views: 7.9ms | ActiveRecord: 1.9ms | Allocations: 1249)


Started GET "/recipes" for 172.18.0.3 at 2022-11-07 10:55:19 +0900
Processing by RecipesController#index as */*
  [1m[36mRecipe Load (2.0ms)[0m  [1m[34mSELECT `recipes`.* FROM `recipes`[0m
  ↳ app/controllers/recipes_controller.rb:5:in `index'
Completed 200 OK in 8ms (Views: 5.4ms | ActiveRecord: 2.0ms | Allocations: 1248)


Started GET "/recipes" for 172.18.0.3 at 2022-11-07 10:59:05 +0900
Processing by RecipesController#index as */*
  [1m[36mRecipe Load (6.8ms)[0m  [1m[34mSELECT `recipes`.* FROM `recipes`[0m
  ↳ app/controllers/recipes_controller.rb:5:in `index'
Completed 200 OK in 20ms (Views: 11.7ms | ActiveRecord: 6.8ms | Allocations: 1248)


Started GET "/recipes" for 172.18.0.3 at 2022-11-07 11:00:29 +0900
Processing by RecipesController#index as */*
  [1m[36mRecipe Load (19.8ms)[0m  [1m[34mSELECT `recipes`.* FROM `recipes`[0m
  ↳ app/controllers/recipes_controller.rb:5:in `index'
Completed 200 OK in 45ms (Views: 22.0ms | ActiveRecord: 19.8ms | Allocations: 1248)


Started GET "/recipes" for 172.18.0.3 at 2022-11-07 11:05:19 +0900
Processing by RecipesController#index as */*
  [1m[36mRecipe Load (2.7ms)[0m  [1m[34mSELECT `recipes`.* FROM `recipes`[0m
  ↳ app/controllers/recipes_controller.rb:5:in `index'
Completed 200 OK in 17ms (Views: 13.4ms | ActiveRecord: 2.7ms | Allocations: 1248)


Started GET "/recipes" for 172.18.0.3 at 2022-11-07 11:05:34 +0900
Processing by RecipesController#index as */*
  [1m[36mRecipe Load (0.9ms)[0m  [1m[34mSELECT `recipes`.* FROM `recipes`[0m
  ↳ app/controllers/recipes_controller.rb:5:in `index'
Completed 200 OK in 6ms (Views: 5.0ms | ActiveRecord: 0.9ms | Allocations: 1248)


Started GET "/recipes" for 172.18.0.3 at 2022-11-07 11:08:44 +0900
Processing by RecipesController#index as */*
  [1m[36mRecipe Load (2.7ms)[0m  [1m[34mSELECT `recipes`.* FROM `recipes`[0m
  ↳ app/controllers/recipes_controller.rb:5:in `index'
Completed 200 OK in 11ms (Views: 7.1ms | ActiveRecord: 2.7ms | Allocations: 1248)


Started GET "/recipes" for 172.18.0.3 at 2022-11-07 11:08:56 +0900
Processing by RecipesController#index as */*
  [1m[36mRecipe Load (0.9ms)[0m  [1m[34mSELECT `recipes`.* FROM `recipes`[0m
  ↳ app/controllers/recipes_controller.rb:5:in `index'
Completed 200 OK in 5ms (Views: 3.9ms | ActiveRecord: 0.9ms | Allocations: 1248)


Started GET "/recipes" for 172.18.0.3 at 2022-11-07 11:09:48 +0900
Processing by RecipesController#index as */*
  [1m[36mRecipe Load (2.1ms)[0m  [1m[34mSELECT `recipes`.* FROM `recipes`[0m
  ↳ app/controllers/recipes_controller.rb:5:in `index'
Completed 200 OK in 8ms (Views: 5.5ms | ActiveRecord: 2.1ms | Allocations: 1248)


Started GET "/recipes" for 172.18.0.3 at 2022-11-07 11:12:28 +0900
Processing by RecipesController#index as */*
  [1m[36mRecipe Load (2.9ms)[0m  [1m[34mSELECT `recipes`.* FROM `recipes`[0m
  ↳ app/controllers/recipes_controller.rb:5:in `index'
Completed 200 OK in 12ms (Views: 8.4ms | ActiveRecord: 2.9ms | Allocations: 1248)


Started GET "/recipes" for 172.18.0.3 at 2022-11-07 11:14:33 +0900
Processing by RecipesController#index as */*
  [1m[36mRecipe Load (7.4ms)[0m  [1m[34mSELECT `recipes`.* FROM `recipes`[0m
  ↳ app/controllers/recipes_controller.rb:5:in `index'
Completed 200 OK in 30ms (Views: 20.9ms | ActiveRecord: 7.4ms | Allocations: 1248)


Started GET "/recipes" for 172.18.0.3 at 2022-11-07 11:14:48 +0900
Processing by RecipesController#index as */*
  [1m[36mRecipe Load (1.0ms)[0m  [1m[34mSELECT `recipes`.* FROM `recipes`[0m
  ↳ app/controllers/recipes_controller.rb:5:in `index'
Completed 200 OK in 6ms (Views: 4.8ms | ActiveRecord: 1.0ms | Allocations: 1248)


Started GET "/recipes" for 172.18.0.3 at 2022-11-07 11:14:50 +0900
Processing by RecipesController#index as */*
  [1m[36mRecipe Load (0.8ms)[0m  [1m[34mSELECT `recipes`.* FROM `recipes`[0m
  ↳ app/controllers/recipes_controller.rb:5:in `index'
Completed 200 OK in 4ms (Views: 3.4ms | ActiveRecord: 0.8ms | Allocations: 1248)


Started GET "/recipes" for 172.18.0.3 at 2022-11-07 11:15:01 +0900
Processing by RecipesController#index as */*
  [1m[36mRecipe Load (0.9ms)[0m  [1m[34mSELECT `recipes`.* FROM `recipes`[0m
  ↳ app/controllers/recipes_controller.rb:5:in `index'
Completed 200 OK in 5ms (Views: 3.8ms | ActiveRecord: 0.9ms | Allocations: 1248)


Started GET "/recipes" for 172.18.0.3 at 2022-11-07 11:15:11 +0900
Processing by RecipesController#index as */*
  [1m[36mRecipe Load (1.9ms)[0m  [1m[34mSELECT `recipes`.* FROM `recipes`[0m
  ↳ app/controllers/recipes_controller.rb:5:in `index'
Completed 200 OK in 9ms (Views: 6.2ms | ActiveRecord: 1.9ms | Allocations: 1248)


Started GET "/recipes" for 172.18.0.3 at 2022-11-07 11:15:55 +0900
Processing by RecipesController#index as */*
  [1m[36mRecipe Load (2.7ms)[0m  [1m[34mSELECT `recipes`.* FROM `recipes`[0m
  ↳ app/controllers/recipes_controller.rb:5:in `index'
Completed 200 OK in 12ms (Views: 7.5ms | ActiveRecord: 2.7ms | Allocations: 1248)


Started GET "/recipes" for 172.18.0.3 at 2022-11-07 11:18:50 +0900
Processing by RecipesController#index as */*
  [1m[36mRecipe Load (3.1ms)[0m  [1m[34mSELECT `recipes`.* FROM `recipes`[0m
  ↳ app/controllers/recipes_controller.rb:5:in `index'
Completed 200 OK in 13ms (Views: 8.9ms | ActiveRecord: 3.1ms | Allocations: 1248)


Started GET "/recipes" for 172.18.0.3 at 2022-11-07 11:20:23 +0900
Processing by RecipesController#index as */*
  [1m[36mRecipe Load (13.0ms)[0m  [1m[34mSELECT `recipes`.* FROM `recipes`[0m
  ↳ app/controllers/recipes_controller.rb:5:in `index'
Completed 200 OK in 30ms (Views: 15.3ms | ActiveRecord: 13.0ms | Allocations: 1248)


Started GET "/recipes" for 172.18.0.3 at 2022-11-07 11:22:30 +0900
Processing by RecipesController#index as */*
  [1m[36mRecipe Load (2.7ms)[0m  [1m[34mSELECT `recipes`.* FROM `recipes`[0m
  ↳ app/controllers/recipes_controller.rb:5:in `index'
Completed 200 OK in 11ms (Views: 7.3ms | ActiveRecord: 2.7ms | Allocations: 1248)


Started GET "/recipes" for 172.18.0.3 at 2022-11-07 11:24:09 +0900
Processing by RecipesController#index as */*
  [1m[36mRecipe Load (2.9ms)[0m  [1m[34mSELECT `recipes`.* FROM `recipes`[0m
  ↳ app/controllers/recipes_controller.rb:5:in `index'
Completed 200 OK in 13ms (Views: 8.8ms | ActiveRecord: 2.9ms | Allocations: 1248)


Started GET "/recipes" for 172.18.0.3 at 2022-11-07 11:24:32 +0900
Processing by RecipesController#index as */*
  [1m[36mRecipe Load (0.8ms)[0m  [1m[34mSELECT `recipes`.* FROM `recipes`[0m
  ↳ app/controllers/recipes_controller.rb:5:in `index'
Completed 200 OK in 4ms (Views: 3.4ms | ActiveRecord: 0.8ms | Allocations: 1248)


Started GET "/recipes" for 172.18.0.3 at 2022-11-07 11:24:43 +0900
Processing by RecipesController#index as */*
  [1m[36mRecipe Load (0.8ms)[0m  [1m[34mSELECT `recipes`.* FROM `recipes`[0m
  ↳ app/controllers/recipes_controller.rb:5:in `index'
Completed 200 OK in 4ms (Views: 3.2ms | ActiveRecord: 0.8ms | Allocations: 1248)


Started GET "/recipes" for 172.18.0.3 at 2022-11-07 11:31:29 +0900
Processing by RecipesController#index as */*
  [1m[36mRecipe Load (1.9ms)[0m  [1m[34mSELECT `recipes`.* FROM `recipes`[0m
  ↳ app/controllers/recipes_controller.rb:5:in `index'
Completed 200 OK in 15ms (Views: 13.9ms | ActiveRecord: 3.0ms | Allocations: 1359)


Started GET "/recipes" for 172.18.0.3 at 2022-11-07 11:32:57 +0900
Processing by RecipesController#index as */*
  [1m[36mRecipe Load (2.9ms)[0m  [1m[34mSELECT `recipes`.* FROM `recipes`[0m
  ↳ app/controllers/recipes_controller.rb:5:in `index'
Completed 200 OK in 12ms (Views: 7.7ms | ActiveRecord: 2.9ms | Allocations: 1248)


Started GET "/recipes" for 172.18.0.3 at 2022-11-07 11:35:21 +0900
Processing by RecipesController#index as */*
  [1m[36mRecipe Load (3.1ms)[0m  [1m[34mSELECT `recipes`.* FROM `recipes`[0m
  ↳ app/controllers/recipes_controller.rb:5:in `index'
Completed 200 OK in 20ms (Views: 15.2ms | ActiveRecord: 3.1ms | Allocations: 1248)


Started GET "/" for 172.18.0.1 at 2022-11-07 18:58:15 +0900
  [1m[36mActiveRecord::SchemaMigration Pluck (2.7ms)[0m  [1m[34mSELECT `schema_migrations`.`version` FROM `schema_migrations` ORDER BY `schema_migrations`.`version` ASC[0m
Processing by Rails::WelcomeController#index as HTML
  Rendering /usr/local/bundle/gems/railties-7.0.4/lib/rails/templates/rails/welcome/index.html.erb
  Rendered /usr/local/bundle/gems/railties-7.0.4/lib/rails/templates/rails/welcome/index.html.erb (Duration: 7.1ms | Allocations: 526)
Completed 200 OK in 53ms (Views: 21.5ms | ActiveRecord: 0.0ms | Allocations: 3604)


Started GET "/recipes" for 172.18.0.1 at 2022-11-07 18:58:21 +0900
Processing by RecipesController#index as HTML
Completed 204 No Content in 0ms (ActiveRecord: 0.0ms | Allocations: 140)


Started GET "/recipe" for 172.18.0.1 at 2022-11-07 18:58:27 +0900
  
ActionController::RoutingError (No route matches [GET] "/recipe"):
  
Started GET "/recipes" for 172.18.0.1 at 2022-11-07 18:58:33 +0900
Processing by RecipesController#index as HTML
  [1m[36mRecipe Load (5.1ms)[0m  [1m[34mSELECT `recipes`.* FROM `recipes`[0m
  ↳ app/controllers/recipes_controller.rb:5:in `index'
Completed 200 OK in 55ms (Views: 20.7ms | ActiveRecord: 12.3ms | Allocations: 8747)


Started GET "/recipes" for 172.18.0.3 at 2022-11-07 18:58:43 +0900
Processing by RecipesController#index as */*
  [1m[36mRecipe Load (1.1ms)[0m  [1m[34mSELECT `recipes`.* FROM `recipes`[0m
  ↳ app/controllers/recipes_controller.rb:5:in `index'
Completed 200 OK in 12ms (Views: 10.2ms | ActiveRecord: 1.1ms | Allocations: 1350)


Started GET "/recipes" for 172.18.0.3 at 2022-11-07 18:58:57 +0900
Processing by RecipesController#index as */*
  [1m[36mRecipe Load (16.8ms)[0m  [1m[34mSELECT `recipes`.* FROM `recipes`[0m
  ↳ app/controllers/recipes_controller.rb:5:in `index'
Completed 200 OK in 45ms (Views: 23.7ms | ActiveRecord: 16.8ms | Allocations: 1248)


Started GET "/recipes" for 172.18.0.3 at 2022-11-08 10:05:52 +0900
  [1m[36mActiveRecord::SchemaMigration Pluck (2.8ms)[0m  [1m[34mSELECT `schema_migrations`.`version` FROM `schema_migrations` ORDER BY `schema_migrations`.`version` ASC[0m
Processing by RecipesController#index as */*
Completed 204 No Content in 75ms (ActiveRecord: 0.0ms | Allocations: 3056)


Started GET "/recipes" for 172.18.0.1 at 2022-11-08 10:06:29 +0900
Processing by RecipesController#index as HTML
  [1m[36mRecipe Load (17.1ms)[0m  [1m[34mSELECT `recipes`.* FROM `recipes`[0m
  ↳ app/controllers/recipes_controller.rb:5:in `index'
Completed 200 OK in 109ms (Views: 43.1ms | ActiveRecord: 27.3ms | Allocations: 9779)


Started GET "/favicon.ico" for 172.18.0.1 at 2022-11-08 10:06:29 +0900
  
ActionController::RoutingError (No route matches [GET] "/favicon.ico"):
  
Started GET "/recipes" for 172.18.0.3 at 2022-11-08 10:06:33 +0900
Processing by RecipesController#index as */*
  [1m[36mRecipe Load (1.0ms)[0m  [1m[34mSELECT `recipes`.* FROM `recipes`[0m
  ↳ app/controllers/recipes_controller.rb:5:in `index'
Completed 200 OK in 5ms (Views: 3.3ms | ActiveRecord: 1.0ms | Allocations: 1412)


Started GET "/recipes" for 172.18.0.3 at 2022-11-08 10:06:45 +0900
Processing by RecipesController#index as */*
  [1m[36mRecipe Load (3.2ms)[0m  [1m[34mSELECT `recipes`.* FROM `recipes`[0m
  ↳ app/controllers/recipes_controller.rb:5:in `index'
Completed 200 OK in 15ms (Views: 11.0ms | ActiveRecord: 3.2ms | Allocations: 1248)


Started GET "/recipes" for 172.18.0.1 at 2022-11-08 10:06:46 +0900
Processing by RecipesController#index as HTML
  [1m[36mRecipe Load (1.4ms)[0m  [1m[34mSELECT `recipes`.* FROM `recipes`[0m
  ↳ app/controllers/recipes_controller.rb:5:in `index'
Completed 200 OK in 8ms (Views: 6.4ms | ActiveRecord: 1.4ms | Allocations: 1254)


Started GET "/recipes" for 172.18.0.1 at 2022-11-08 10:06:47 +0900
Processing by RecipesController#index as HTML
  [1m[36mRecipe Load (1.3ms)[0m  [1m[34mSELECT `recipes`.* FROM `recipes`[0m
  ↳ app/controllers/recipes_controller.rb:5:in `index'
Completed 200 OK in 8ms (Views: 6.6ms | ActiveRecord: 1.3ms | Allocations: 1244)


Started GET "/recipes" for 172.18.0.3 at 2022-11-08 10:08:58 +0900
  [1m[36mActiveRecord::SchemaMigration Pluck (2.8ms)[0m  [1m[34mSELECT `schema_migrations`.`version` FROM `schema_migrations` ORDER BY `schema_migrations`.`version` ASC[0m
Processing by RecipesController#index as */*
Completed 204 No Content in 25ms (ActiveRecord: 0.0ms | Allocations: 2209)


Started GET "/recipes" for 172.18.0.1 at 2022-11-08 10:09:00 +0900
Processing by RecipesController#index as HTML
  [1m[36mRecipe Load (3.6ms)[0m  [1m[34mSELECT `recipes`.* FROM `recipes`[0m
  ↳ app/controllers/recipes_controller.rb:5:in `index'
Completed 200 OK in 47ms (Views: 19.9ms | ActiveRecord: 11.2ms | Allocations: 8767)


Started GET "/recipes" for 172.18.0.3 at 2022-11-08 10:09:02 +0900
Processing by RecipesController#index as */*
  [1m[36mRecipe Load (1.1ms)[0m  [1m[34mSELECT `recipes`.* FROM `recipes`[0m
  ↳ app/controllers/recipes_controller.rb:5:in `index'
Completed 200 OK in 5ms (Views: 4.0ms | ActiveRecord: 1.1ms | Allocations: 1347)


Started GET "/api/hello" for 172.18.0.1 at 2022-11-08 10:12:10 +0900
  
ActionController::RoutingError (No route matches [GET] "/api/hello"):
  
Started GET "/favicon.ico" for 172.18.0.1 at 2022-11-08 10:12:11 +0900
  
ActionController::RoutingError (No route matches [GET] "/favicon.ico"):
  
Started GET "/api/hello" for 172.18.0.1 at 2022-11-08 10:15:24 +0900
  
ActionController::RoutingError (No route matches [GET] "/api/hello"):
  
Started GET "/api" for 172.18.0.1 at 2022-11-08 10:15:41 +0900
  
ActionController::RoutingError (No route matches [GET] "/api"):
  
Started GET "/api/hello" for 172.18.0.1 at 2022-11-08 10:15:46 +0900
  
ActionController::RoutingError (No route matches [GET] "/api/hello"):
  
